<?xml version="1.0" encoding="UTF-8"?>
<!-- Generated by org.testng.reporters.JUnitReportReporter -->
<testsuite name="com.tester.cases.GetCaseList" tests="2" time="2.021" ignored="0" failures="0" timestamp="30 Mar 2020 03:58:42 GMT" skipped="0" hostname="PC-20190704RGSO" errors="0">
  <testcase name="test2" time="0.000" classname="com.tester.cases.GetCaseList"/>
  <testcase name="test1" time="2.021" classname="com.tester.cases.GetCaseList"/>
</testsuite> <!-- com.tester.cases.GetCaseList -->
